CRITICAL - 2025-11-07 14:22:25 --> ErrorException: Undefined property: Config\Cors::$default
[Method: GET, Route: api/auth/login]
in SYSTEMPATH\HTTP\Cors.php on line 72.
 1 SYSTEMPATH\HTTP\Cors.php(72): CodeIgniter\Debug\Exceptions->errorHandler(2, 'Undefined property: Config\\Cors::$default', 'E:\\Logiciels jeux\\projet\\site\\backend\\system\\HTTP\\Cors.php', 72)
 2 SYSTEMPATH\Filters\Cors.php(84): CodeIgniter\HTTP\Cors::factory()
 3 SYSTEMPATH\Filters\Cors.php(59): CodeIgniter\Filters\Cors->createCorsService(null)
 4 SYSTEMPATH\Filters\Filters.php(241): CodeIgniter\Filters\Cors->before(Object(CodeIgniter\HTTP\IncomingRequest), null)
 5 SYSTEMPATH\Filters\Filters.php(221): CodeIgniter\Filters\Filters->runBefore([...])
 6 SYSTEMPATH\CodeIgniter.php(479): CodeIgniter\Filters\Filters->run('api/auth/login', 'before')
 7 SYSTEMPATH\CodeIgniter.php(354): CodeIgniter\CodeIgniter->handleRequest(null, Object(Config\Cache), false)
 8 SYSTEMPATH\Boot.php(334): CodeIgniter\CodeIgniter->run()
 9 SYSTEMPATH\Boot.php(67): CodeIgniter\Boot::runCodeIgniter(Object(CodeIgniter\CodeIgniter))
10 FCPATH\index.php(56): CodeIgniter\Boot::bootWeb(Object(Config\Paths))
11 SYSTEMPATH\rewrite.php(44): require_once('E:\\Logiciels jeux\\projet\\site\\backend\\public\\index.php')
CRITICAL - 2025-11-07 14:24:38 --> ErrorException: Undefined property: Config\Cors::$default
[Method: GET, Route: api/auth/login]
in SYSTEMPATH\HTTP\Cors.php on line 72.
 1 SYSTEMPATH\HTTP\Cors.php(72): CodeIgniter\Debug\Exceptions->errorHandler(2, 'Undefined property: Config\\Cors::$default', 'E:\\Logiciels jeux\\projet\\site\\backend\\system\\HTTP\\Cors.php', 72)
 2 SYSTEMPATH\Filters\Cors.php(84): CodeIgniter\HTTP\Cors::factory()
 3 SYSTEMPATH\Filters\Cors.php(59): CodeIgniter\Filters\Cors->createCorsService(null)
 4 SYSTEMPATH\Filters\Filters.php(241): CodeIgniter\Filters\Cors->before(Object(CodeIgniter\HTTP\IncomingRequest), null)
 5 SYSTEMPATH\Filters\Filters.php(221): CodeIgniter\Filters\Filters->runBefore([...])
 6 SYSTEMPATH\CodeIgniter.php(479): CodeIgniter\Filters\Filters->run('api/auth/login', 'before')
 7 SYSTEMPATH\CodeIgniter.php(354): CodeIgniter\CodeIgniter->handleRequest(null, Object(Config\Cache), false)
 8 SYSTEMPATH\Boot.php(334): CodeIgniter\CodeIgniter->run()
 9 SYSTEMPATH\Boot.php(67): CodeIgniter\Boot::runCodeIgniter(Object(CodeIgniter\CodeIgniter))
10 FCPATH\index.php(56): CodeIgniter\Boot::bootWeb(Object(Config\Paths))
11 SYSTEMPATH\rewrite.php(44): require_once('E:\\Logiciels jeux\\projet\\site\\backend\\public\\index.php')
CRITICAL - 2025-11-07 14:28:40 --> ErrorException: Undefined property: Config\Cors::$default
[Method: GET, Route: api/auth/login]
in SYSTEMPATH\HTTP\Cors.php on line 72.
 1 SYSTEMPATH\HTTP\Cors.php(72): CodeIgniter\Debug\Exceptions->errorHandler(2, 'Undefined property: Config\\Cors::$default', 'E:\\Logiciels jeux\\projet\\site\\backend\\system\\HTTP\\Cors.php', 72)
 2 SYSTEMPATH\Filters\Cors.php(84): CodeIgniter\HTTP\Cors::factory()
 3 SYSTEMPATH\Filters\Cors.php(59): CodeIgniter\Filters\Cors->createCorsService(null)
 4 SYSTEMPATH\Filters\Filters.php(241): CodeIgniter\Filters\Cors->before(Object(CodeIgniter\HTTP\IncomingRequest), null)
 5 SYSTEMPATH\Filters\Filters.php(221): CodeIgniter\Filters\Filters->runBefore([...])
 6 SYSTEMPATH\CodeIgniter.php(479): CodeIgniter\Filters\Filters->run('api/auth/login', 'before')
 7 SYSTEMPATH\CodeIgniter.php(354): CodeIgniter\CodeIgniter->handleRequest(null, Object(Config\Cache), false)
 8 SYSTEMPATH\Boot.php(334): CodeIgniter\CodeIgniter->run()
 9 SYSTEMPATH\Boot.php(67): CodeIgniter\Boot::runCodeIgniter(Object(CodeIgniter\CodeIgniter))
10 FCPATH\index.php(56): CodeIgniter\Boot::bootWeb(Object(Config\Paths))
11 SYSTEMPATH\rewrite.php(44): require_once('E:\\Logiciels jeux\\projet\\site\\backend\\public\\index.php')
CRITICAL - 2025-11-07 14:32:22 --> ErrorException: Undefined property: Config\Cors::$default
[Method: GET, Route: api]
in SYSTEMPATH\HTTP\Cors.php on line 72.
 1 SYSTEMPATH\HTTP\Cors.php(72): CodeIgniter\Debug\Exceptions->errorHandler(2, 'Undefined property: Config\\Cors::$default', 'E:\\Logiciels jeux\\projet\\site\\backend\\system\\HTTP\\Cors.php', 72)
 2 SYSTEMPATH\Filters\Cors.php(84): CodeIgniter\HTTP\Cors::factory()
 3 SYSTEMPATH\Filters\Cors.php(59): CodeIgniter\Filters\Cors->createCorsService(null)
 4 SYSTEMPATH\Filters\Filters.php(241): CodeIgniter\Filters\Cors->before(Object(CodeIgniter\HTTP\IncomingRequest), null)
 5 SYSTEMPATH\Filters\Filters.php(221): CodeIgniter\Filters\Filters->runBefore([...])
 6 SYSTEMPATH\CodeIgniter.php(479): CodeIgniter\Filters\Filters->run('api', 'before')
 7 SYSTEMPATH\CodeIgniter.php(354): CodeIgniter\CodeIgniter->handleRequest(null, Object(Config\Cache), false)
 8 SYSTEMPATH\Boot.php(334): CodeIgniter\CodeIgniter->run()
 9 SYSTEMPATH\Boot.php(67): CodeIgniter\Boot::runCodeIgniter(Object(CodeIgniter\CodeIgniter))
10 FCPATH\index.php(56): CodeIgniter\Boot::bootWeb(Object(Config\Paths))
11 SYSTEMPATH\rewrite.php(44): require_once('E:\\Logiciels jeux\\projet\\site\\backend\\public\\index.php')
CRITICAL - 2025-11-07 14:32:31 --> ErrorException: Undefined property: Config\Cors::$default
[Method: GET, Route: /]
in SYSTEMPATH\HTTP\Cors.php on line 72.
 1 SYSTEMPATH\HTTP\Cors.php(72): CodeIgniter\Debug\Exceptions->errorHandler(2, 'Undefined property: Config\\Cors::$default', 'E:\\Logiciels jeux\\projet\\site\\backend\\system\\HTTP\\Cors.php', 72)
 2 SYSTEMPATH\Filters\Cors.php(84): CodeIgniter\HTTP\Cors::factory()
 3 SYSTEMPATH\Filters\Cors.php(59): CodeIgniter\Filters\Cors->createCorsService(null)
 4 SYSTEMPATH\Filters\Filters.php(241): CodeIgniter\Filters\Cors->before(Object(CodeIgniter\HTTP\IncomingRequest), null)
 5 SYSTEMPATH\Filters\Filters.php(221): CodeIgniter\Filters\Filters->runBefore([...])
 6 SYSTEMPATH\CodeIgniter.php(479): CodeIgniter\Filters\Filters->run('', 'before')
 7 SYSTEMPATH\CodeIgniter.php(354): CodeIgniter\CodeIgniter->handleRequest(null, Object(Config\Cache), false)
 8 SYSTEMPATH\Boot.php(334): CodeIgniter\CodeIgniter->run()
 9 SYSTEMPATH\Boot.php(67): CodeIgniter\Boot::runCodeIgniter(Object(CodeIgniter\CodeIgniter))
10 FCPATH\index.php(56): CodeIgniter\Boot::bootWeb(Object(Config\Paths))
11 SYSTEMPATH\rewrite.php(44): require_once('E:\\Logiciels jeux\\projet\\site\\backend\\public\\index.php')
CRITICAL - 2025-11-07 14:32:55 --> ErrorException: Undefined property: Config\Cors::$default
[Method: GET, Route: /]
in SYSTEMPATH\HTTP\Cors.php on line 72.
 1 SYSTEMPATH\HTTP\Cors.php(72): CodeIgniter\Debug\Exceptions->errorHandler(2, 'Undefined property: Config\\Cors::$default', 'E:\\Logiciels jeux\\projet\\site\\backend\\system\\HTTP\\Cors.php', 72)
 2 SYSTEMPATH\Filters\Cors.php(84): CodeIgniter\HTTP\Cors::factory()
 3 SYSTEMPATH\Filters\Cors.php(59): CodeIgniter\Filters\Cors->createCorsService(null)
 4 SYSTEMPATH\Filters\Filters.php(241): CodeIgniter\Filters\Cors->before(Object(CodeIgniter\HTTP\IncomingRequest), null)
 5 SYSTEMPATH\Filters\Filters.php(221): CodeIgniter\Filters\Filters->runBefore([...])
 6 SYSTEMPATH\CodeIgniter.php(479): CodeIgniter\Filters\Filters->run('', 'before')
 7 SYSTEMPATH\CodeIgniter.php(354): CodeIgniter\CodeIgniter->handleRequest(null, Object(Config\Cache), false)
 8 SYSTEMPATH\Boot.php(334): CodeIgniter\CodeIgniter->run()
 9 SYSTEMPATH\Boot.php(67): CodeIgniter\Boot::runCodeIgniter(Object(CodeIgniter\CodeIgniter))
10 FCPATH\index.php(56): CodeIgniter\Boot::bootWeb(Object(Config\Paths))
11 SYSTEMPATH\rewrite.php(44): require_once('E:\\Logiciels jeux\\projet\\site\\backend\\public\\index.php')
CRITICAL - 2025-11-07 14:41:13 --> ErrorException: Undefined property: Config\Cors::$default
[Method: GET, Route: /]
in SYSTEMPATH\HTTP\Cors.php on line 72.
 1 SYSTEMPATH\HTTP\Cors.php(72): CodeIgniter\Debug\Exceptions->errorHandler(2, 'Undefined property: Config\\Cors::$default', 'E:\\Logiciels jeux\\projet\\site\\backend\\system\\HTTP\\Cors.php', 72)
 2 SYSTEMPATH\Filters\Cors.php(84): CodeIgniter\HTTP\Cors::factory()
 3 SYSTEMPATH\Filters\Cors.php(59): CodeIgniter\Filters\Cors->createCorsService(null)
 4 SYSTEMPATH\Filters\Filters.php(241): CodeIgniter\Filters\Cors->before(Object(CodeIgniter\HTTP\IncomingRequest), null)
 5 SYSTEMPATH\Filters\Filters.php(221): CodeIgniter\Filters\Filters->runBefore([...])
 6 SYSTEMPATH\CodeIgniter.php(479): CodeIgniter\Filters\Filters->run('', 'before')
 7 SYSTEMPATH\CodeIgniter.php(354): CodeIgniter\CodeIgniter->handleRequest(null, Object(Config\Cache), false)
 8 SYSTEMPATH\Boot.php(334): CodeIgniter\CodeIgniter->run()
 9 SYSTEMPATH\Boot.php(67): CodeIgniter\Boot::runCodeIgniter(Object(CodeIgniter\CodeIgniter))
10 FCPATH\index.php(56): CodeIgniter\Boot::bootWeb(Object(Config\Paths))
11 SYSTEMPATH\rewrite.php(44): require_once('E:\\Logiciels jeux\\projet\\site\\backend\\public\\index.php')
CRITICAL - 2025-11-07 14:54:58 --> ErrorException: Undefined property: Config\Cors::$default
[Method: GET, Route: /]
in SYSTEMPATH\HTTP\Cors.php on line 72.
 1 SYSTEMPATH\HTTP\Cors.php(72): CodeIgniter\Debug\Exceptions->errorHandler(2, 'Undefined property: Config\\Cors::$default', 'E:\\Logiciels jeux\\projet\\site\\backend\\system\\HTTP\\Cors.php', 72)
 2 SYSTEMPATH\Filters\Cors.php(84): CodeIgniter\HTTP\Cors::factory()
 3 SYSTEMPATH\Filters\Cors.php(59): CodeIgniter\Filters\Cors->createCorsService(null)
 4 SYSTEMPATH\Filters\Filters.php(241): CodeIgniter\Filters\Cors->before(Object(CodeIgniter\HTTP\IncomingRequest), null)
 5 SYSTEMPATH\Filters\Filters.php(221): CodeIgniter\Filters\Filters->runBefore([...])
 6 SYSTEMPATH\CodeIgniter.php(479): CodeIgniter\Filters\Filters->run('', 'before')
 7 SYSTEMPATH\CodeIgniter.php(354): CodeIgniter\CodeIgniter->handleRequest(null, Object(Config\Cache), false)
 8 SYSTEMPATH\Boot.php(334): CodeIgniter\CodeIgniter->run()
 9 SYSTEMPATH\Boot.php(67): CodeIgniter\Boot::runCodeIgniter(Object(CodeIgniter\CodeIgniter))
10 FCPATH\index.php(56): CodeIgniter\Boot::bootWeb(Object(Config\Paths))
11 SYSTEMPATH\rewrite.php(44): require_once('E:\\Logiciels jeux\\projet\\site\\backend\\public\\index.php')
CRITICAL - 2025-11-07 14:55:39 --> ErrorException: Undefined property: Config\Cors::$default
[Method: GET, Route: /]
in SYSTEMPATH\HTTP\Cors.php on line 72.
 1 SYSTEMPATH\HTTP\Cors.php(72): CodeIgniter\Debug\Exceptions->errorHandler(2, 'Undefined property: Config\\Cors::$default', 'E:\\Logiciels jeux\\projet\\site\\backend\\system\\HTTP\\Cors.php', 72)
 2 SYSTEMPATH\Filters\Cors.php(84): CodeIgniter\HTTP\Cors::factory()
 3 SYSTEMPATH\Filters\Cors.php(59): CodeIgniter\Filters\Cors->createCorsService(null)
 4 SYSTEMPATH\Filters\Filters.php(241): CodeIgniter\Filters\Cors->before(Object(CodeIgniter\HTTP\IncomingRequest), null)
 5 SYSTEMPATH\Filters\Filters.php(221): CodeIgniter\Filters\Filters->runBefore([...])
 6 SYSTEMPATH\CodeIgniter.php(479): CodeIgniter\Filters\Filters->run('', 'before')
 7 SYSTEMPATH\CodeIgniter.php(354): CodeIgniter\CodeIgniter->handleRequest(null, Object(Config\Cache), false)
 8 SYSTEMPATH\Boot.php(334): CodeIgniter\CodeIgniter->run()
 9 SYSTEMPATH\Boot.php(67): CodeIgniter\Boot::runCodeIgniter(Object(CodeIgniter\CodeIgniter))
10 FCPATH\index.php(56): CodeIgniter\Boot::bootWeb(Object(Config\Paths))
11 SYSTEMPATH\rewrite.php(44): require_once('E:\\Logiciels jeux\\projet\\site\\backend\\public\\index.php')
CRITICAL - 2025-11-07 15:00:27 --> ErrorException: Undefined property: Config\Cors::$default
[Method: GET, Route: api/auth/login]
in SYSTEMPATH\HTTP\Cors.php on line 72.
 1 SYSTEMPATH\HTTP\Cors.php(72): CodeIgniter\Debug\Exceptions->errorHandler(2, 'Undefined property: Config\\Cors::$default', 'E:\\Logiciels jeux\\projet\\site\\backend\\system\\HTTP\\Cors.php', 72)
 2 SYSTEMPATH\Filters\Cors.php(84): CodeIgniter\HTTP\Cors::factory()
 3 SYSTEMPATH\Filters\Cors.php(59): CodeIgniter\Filters\Cors->createCorsService(null)
 4 SYSTEMPATH\Filters\Filters.php(241): CodeIgniter\Filters\Cors->before(Object(CodeIgniter\HTTP\IncomingRequest), null)
 5 SYSTEMPATH\Filters\Filters.php(221): CodeIgniter\Filters\Filters->runBefore([...])
 6 SYSTEMPATH\CodeIgniter.php(479): CodeIgniter\Filters\Filters->run('api/auth/login', 'before')
 7 SYSTEMPATH\CodeIgniter.php(354): CodeIgniter\CodeIgniter->handleRequest(null, Object(Config\Cache), false)
 8 SYSTEMPATH\Boot.php(334): CodeIgniter\CodeIgniter->run()
 9 SYSTEMPATH\Boot.php(67): CodeIgniter\Boot::runCodeIgniter(Object(CodeIgniter\CodeIgniter))
10 FCPATH\index.php(56): CodeIgniter\Boot::bootWeb(Object(Config\Paths))
11 SYSTEMPATH\rewrite.php(44): require_once('E:\\Logiciels jeux\\projet\\site\\backend\\public\\index.php')
CRITICAL - 2025-11-07 15:01:17 --> ErrorException: Undefined property: Config\Cors::$default
[Method: GET, Route: api/auth/login]
in SYSTEMPATH\HTTP\Cors.php on line 72.
 1 SYSTEMPATH\HTTP\Cors.php(72): CodeIgniter\Debug\Exceptions->errorHandler(2, 'Undefined property: Config\\Cors::$default', 'E:\\Logiciels jeux\\projet\\site\\backend\\system\\HTTP\\Cors.php', 72)
 2 SYSTEMPATH\Filters\Cors.php(84): CodeIgniter\HTTP\Cors::factory()
 3 SYSTEMPATH\Filters\Cors.php(59): CodeIgniter\Filters\Cors->createCorsService(null)
 4 SYSTEMPATH\Filters\Filters.php(241): CodeIgniter\Filters\Cors->before(Object(CodeIgniter\HTTP\IncomingRequest), null)
 5 SYSTEMPATH\Filters\Filters.php(221): CodeIgniter\Filters\Filters->runBefore([...])
 6 SYSTEMPATH\CodeIgniter.php(479): CodeIgniter\Filters\Filters->run('api/auth/login', 'before')
 7 SYSTEMPATH\CodeIgniter.php(354): CodeIgniter\CodeIgniter->handleRequest(null, Object(Config\Cache), false)
 8 SYSTEMPATH\Boot.php(334): CodeIgniter\CodeIgniter->run()
 9 SYSTEMPATH\Boot.php(67): CodeIgniter\Boot::runCodeIgniter(Object(CodeIgniter\CodeIgniter))
10 FCPATH\index.php(56): CodeIgniter\Boot::bootWeb(Object(Config\Paths))
11 SYSTEMPATH\rewrite.php(44): require_once('E:\\Logiciels jeux\\projet\\site\\backend\\public\\index.php')
CRITICAL - 2025-11-07 15:01:21 --> ErrorException: Undefined property: Config\Cors::$default
[Method: GET, Route: api/auth/login]
in SYSTEMPATH\HTTP\Cors.php on line 72.
 1 SYSTEMPATH\HTTP\Cors.php(72): CodeIgniter\Debug\Exceptions->errorHandler(2, 'Undefined property: Config\\Cors::$default', 'E:\\Logiciels jeux\\projet\\site\\backend\\system\\HTTP\\Cors.php', 72)
 2 SYSTEMPATH\Filters\Cors.php(84): CodeIgniter\HTTP\Cors::factory()
 3 SYSTEMPATH\Filters\Cors.php(59): CodeIgniter\Filters\Cors->createCorsService(null)
 4 SYSTEMPATH\Filters\Filters.php(241): CodeIgniter\Filters\Cors->before(Object(CodeIgniter\HTTP\IncomingRequest), null)
 5 SYSTEMPATH\Filters\Filters.php(221): CodeIgniter\Filters\Filters->runBefore([...])
 6 SYSTEMPATH\CodeIgniter.php(479): CodeIgniter\Filters\Filters->run('api/auth/login', 'before')
 7 SYSTEMPATH\CodeIgniter.php(354): CodeIgniter\CodeIgniter->handleRequest(null, Object(Config\Cache), false)
 8 SYSTEMPATH\Boot.php(334): CodeIgniter\CodeIgniter->run()
 9 SYSTEMPATH\Boot.php(67): CodeIgniter\Boot::runCodeIgniter(Object(CodeIgniter\CodeIgniter))
10 FCPATH\index.php(56): CodeIgniter\Boot::bootWeb(Object(Config\Paths))
11 SYSTEMPATH\rewrite.php(44): require_once('E:\\Logiciels jeux\\projet\\site\\backend\\public\\index.php')
CRITICAL - 2025-11-07 15:11:49 --> ErrorException: Undefined property: Config\Cors::$default
[Method: GET, Route: api/auth/login]
in SYSTEMPATH\HTTP\Cors.php on line 72.
 1 SYSTEMPATH\HTTP\Cors.php(72): CodeIgniter\Debug\Exceptions->errorHandler(2, 'Undefined property: Config\\Cors::$default', 'E:\\Logiciels jeux\\projet\\site\\backend\\system\\HTTP\\Cors.php', 72)
 2 SYSTEMPATH\Filters\Cors.php(84): CodeIgniter\HTTP\Cors::factory()
 3 SYSTEMPATH\Filters\Cors.php(59): CodeIgniter\Filters\Cors->createCorsService(null)
 4 SYSTEMPATH\Filters\Filters.php(241): CodeIgniter\Filters\Cors->before(Object(CodeIgniter\HTTP\IncomingRequest), null)
 5 SYSTEMPATH\Filters\Filters.php(221): CodeIgniter\Filters\Filters->runBefore([...])
 6 SYSTEMPATH\CodeIgniter.php(479): CodeIgniter\Filters\Filters->run('api/auth/login', 'before')
 7 SYSTEMPATH\CodeIgniter.php(354): CodeIgniter\CodeIgniter->handleRequest(null, Object(Config\Cache), false)
 8 SYSTEMPATH\Boot.php(334): CodeIgniter\CodeIgniter->run()
 9 SYSTEMPATH\Boot.php(67): CodeIgniter\Boot::runCodeIgniter(Object(CodeIgniter\CodeIgniter))
10 FCPATH\index.php(56): CodeIgniter\Boot::bootWeb(Object(Config\Paths))
11 SYSTEMPATH\rewrite.php(44): require_once('E:\\Logiciels jeux\\projet\\site\\backend\\public\\index.php')
CRITICAL - 2025-11-07 15:11:57 --> ErrorException: Undefined property: Config\Cors::$default
[Method: GET, Route: /]
in SYSTEMPATH\HTTP\Cors.php on line 72.
 1 SYSTEMPATH\HTTP\Cors.php(72): CodeIgniter\Debug\Exceptions->errorHandler(2, 'Undefined property: Config\\Cors::$default', 'E:\\Logiciels jeux\\projet\\site\\backend\\system\\HTTP\\Cors.php', 72)
 2 SYSTEMPATH\Filters\Cors.php(84): CodeIgniter\HTTP\Cors::factory()
 3 SYSTEMPATH\Filters\Cors.php(59): CodeIgniter\Filters\Cors->createCorsService(null)
 4 SYSTEMPATH\Filters\Filters.php(241): CodeIgniter\Filters\Cors->before(Object(CodeIgniter\HTTP\IncomingRequest), null)
 5 SYSTEMPATH\Filters\Filters.php(221): CodeIgniter\Filters\Filters->runBefore([...])
 6 SYSTEMPATH\CodeIgniter.php(479): CodeIgniter\Filters\Filters->run('', 'before')
 7 SYSTEMPATH\CodeIgniter.php(354): CodeIgniter\CodeIgniter->handleRequest(null, Object(Config\Cache), false)
 8 SYSTEMPATH\Boot.php(334): CodeIgniter\CodeIgniter->run()
 9 SYSTEMPATH\Boot.php(67): CodeIgniter\Boot::runCodeIgniter(Object(CodeIgniter\CodeIgniter))
10 FCPATH\index.php(56): CodeIgniter\Boot::bootWeb(Object(Config\Paths))
11 SYSTEMPATH\rewrite.php(44): require_once('E:\\Logiciels jeux\\projet\\site\\backend\\public\\index.php')
CRITICAL - 2025-11-07 15:41:50 --> CodeIgniter\Database\Exceptions\DataException: There is no data to update.
[Method: POST, Route: api/auth/login]
in SYSTEMPATH\BaseModel.php on line 1010.
 1 SYSTEMPATH\BaseModel.php(1010): CodeIgniter\Database\Exceptions\DataException::forEmptyDataset('update')
 2 SYSTEMPATH\Model.php(863): CodeIgniter\BaseModel->update([...], [])
 3 APPPATH\Controllers\API\Auth.php(124): CodeIgniter\Model->update('2', [...])
 4 SYSTEMPATH\CodeIgniter.php(933): App\Controllers\Api\Auth->login()
 5 SYSTEMPATH\CodeIgniter.php(507): CodeIgniter\CodeIgniter->runController(Object(App\Controllers\Api\Auth))
 6 SYSTEMPATH\CodeIgniter.php(354): CodeIgniter\CodeIgniter->handleRequest(null, Object(Config\Cache), false)
 7 SYSTEMPATH\Boot.php(334): CodeIgniter\CodeIgniter->run()
 8 SYSTEMPATH\Boot.php(67): CodeIgniter\Boot::runCodeIgniter(Object(CodeIgniter\CodeIgniter))
 9 FCPATH\index.php(56): CodeIgniter\Boot::bootWeb(Object(Config\Paths))
10 SYSTEMPATH\rewrite.php(44): require_once('E:\\Logiciels jeux\\projet\\site\\backend\\public\\index.php')
CRITICAL - 2025-11-07 15:45:37 --> CodeIgniter\Database\Exceptions\DataException: There is no data to update.
[Method: POST, Route: api/auth/login]
in SYSTEMPATH\BaseModel.php on line 1010.
 1 SYSTEMPATH\BaseModel.php(1010): CodeIgniter\Database\Exceptions\DataException::forEmptyDataset('update')
 2 SYSTEMPATH\Model.php(863): CodeIgniter\BaseModel->update([...], [])
 3 APPPATH\Controllers\API\Auth.php(124): CodeIgniter\Model->update('2', [...])
 4 SYSTEMPATH\CodeIgniter.php(933): App\Controllers\Api\Auth->login()
 5 SYSTEMPATH\CodeIgniter.php(507): CodeIgniter\CodeIgniter->runController(Object(App\Controllers\Api\Auth))
 6 SYSTEMPATH\CodeIgniter.php(354): CodeIgniter\CodeIgniter->handleRequest(null, Object(Config\Cache), false)
 7 SYSTEMPATH\Boot.php(334): CodeIgniter\CodeIgniter->run()
 8 SYSTEMPATH\Boot.php(67): CodeIgniter\Boot::runCodeIgniter(Object(CodeIgniter\CodeIgniter))
 9 FCPATH\index.php(56): CodeIgniter\Boot::bootWeb(Object(Config\Paths))
10 SYSTEMPATH\rewrite.php(44): require_once('E:\\Logiciels jeux\\projet\\site\\backend\\public\\index.php')
